;;; 
Export: Release 21.0.0.0.0 - Production on Jue May 23 20:34:31 2024
Version 21.3.0.0.0

Copyright (c) 1982, 2021, Oracle and/or its affiliates.  All rights reserved.
;;; 
Conectado a: Oracle Database 21c Express Edition Release 21.0.0.0.0 - Production
Iniciando "MOREIRA"."SYS_EXPORT_SCHEMA_01":  Moreira/********@xe directory=DATA_PUMP_DIR dumpfile=xe_20240523_203431.dmp logfile=xe_20240523_203431.log 
Procesando el tipo de objeto SCHEMA_EXPORT/TABLE/TABLE_DATA
Procesando el tipo de objeto SCHEMA_EXPORT/TABLE/INDEX/STATISTICS/INDEX_STATISTICS
Procesando el tipo de objeto SCHEMA_EXPORT/TABLE/STATISTICS/TABLE_STATISTICS
Procesando el tipo de objeto SCHEMA_EXPORT/STATISTICS/MARKER
Procesando el tipo de objeto SCHEMA_EXPORT/DEFAULT_ROLE
Procesando el tipo de objeto SCHEMA_EXPORT/PRE_SCHEMA/PROCACT_SCHEMA
Procesando el tipo de objeto SCHEMA_EXPORT/TABLE/TABLE
Procesando el tipo de objeto SCHEMA_EXPORT/TABLE/COMMENT
Procesando el tipo de objeto SCHEMA_EXPORT/TABLE/INDEX/INDEX
Procesando el tipo de objeto SCHEMA_EXPORT/TABLE/CONSTRAINT/CONSTRAINT
Procesando el tipo de objeto SCHEMA_EXPORT/TABLE/CONSTRAINT/REF_CONSTRAINT
. . "MOREIRA"."AEROLINEAS"                      6.070 KB       5 filas exportadas
. . "MOREIRA"."AEROPUERTOS"                     6.390 KB       1 filas exportadas
. . "MOREIRA"."ASIENTOS"                            0 KB       0 filas exportadas
. . "MOREIRA"."CLASES_DE_VUELO"                 5.992 KB       1 filas exportadas
. . "MOREIRA"."COMENTARIOS_DE_USUARIOS"         6.632 KB       6 filas exportadas
. . "MOREIRA"."CONTACTOS_DE_EMERGENCIA_DE_PASAJEROS"  6.820 KB       1 filas exportadas
. . "MOREIRA"."EQUIPAJE"                        5.914 KB       1 filas exportadas
. . "MOREIRA"."EQUIPOS"                         5.992 KB       1 filas exportadas
. . "MOREIRA"."PASAJEROS"                       6.820 KB       1 filas exportadas
. . "MOREIRA"."PRECIOS_DE_CLASES_DE_VUELO"      5.937 KB       1 filas exportadas
. . "MOREIRA"."RESERVAS"                            0 KB       0 filas exportadas
. . "MOREIRA"."ROLES"                           5.578 KB       5 filas exportadas
. . "MOREIRA"."RUTAS_DE_VUELO"                      0 KB       0 filas exportadas
. . "MOREIRA"."TARJETAS_DE_EMBARQUE"                0 KB       0 filas exportadas
. . "MOREIRA"."TRIPULACION"                     6.367 KB       1 filas exportadas
. . "MOREIRA"."TRIPULACIONES_VUELOS"                0 KB       0 filas exportadas
. . "MOREIRA"."USUARIOS"                        7.109 KB       7 filas exportadas
. . "MOREIRA"."USUARIOS_ROLES"                    5.5 KB       1 filas exportadas
. . "MOREIRA"."VALORACIONES_DE_VUELOS"              0 KB       0 filas exportadas
. . "MOREIRA"."VUELOS"                              0 KB       0 filas exportadas
La tabla maestra "MOREIRA"."SYS_EXPORT_SCHEMA_01" se ha cargado/descargado correctamente
******************************************************************************
El juego de archivos de volcado para MOREIRA.SYS_EXPORT_SCHEMA_01 es:
  C:\ORACLEXE\ADMIN\XE\DPDUMP\XE_20240523_203431.DMP
El trabajo "MOREIRA"."SYS_EXPORT_SCHEMA_01" ha terminado correctamente en Jue May 23 20:36:18 2024 elapsed 0 00:01:41
